<?xml version="1.0" encoding="utf-8"?><testsuites name="pytest tests"><testsuite name="pytest" errors="0" failures="0" skipped="0" tests="19" time="6.712" timestamp="2026-01-20T19:10:45.547032+00:00" hostname="agent-env-96315e38-ffd9-4867-a691-4d0609525631"><testcase classname="tests.test_phase3_payment_void_reports.TestHealthAndAuth" name="test_health_check" time="0.080" /><testcase classname="tests.test_phase3_payment_void_reports.TestHealthAndAuth" name="test_owner_login" time="0.275" /><testcase classname="tests.test_phase3_payment_void_reports.TestHealthAndAuth" name="test_kasir_login" time="0.266" /><testcase classname="tests.test_phase3_payment_void_reports.TestPaymentMethods" name="test_create_transaction_tunai" time="0.393" /><testcase classname="tests.test_phase3_payment_void_reports.TestPaymentMethods" name="test_create_transaction_qris" time="0.361" /><testcase classname="tests.test_phase3_payment_void_reports.TestPaymentMethods" name="test_create_transaction_transfer" time="0.357" /><testcase classname="tests.test_phase3_payment_void_reports.TestPaymentMethods" name="test_invalid_payment_method" time="0.360" /><testcase classname="tests.test_phase3_payment_void_reports.TestPaymentMethods" name="test_tunai_insufficient_payment" time="0.352" /><testcase classname="tests.test_phase3_payment_void_reports.TestVoidTransaction" name="test_owner_can_void_transaction" time="0.433" /><testcase classname="tests.test_phase3_payment_void_reports.TestVoidTransaction" name="test_kasir_cannot_void_transaction" time="0.650" /><testcase classname="tests.test_phase3_payment_void_reports.TestVoidTransaction" name="test_cannot_void_already_voided" time="0.468" /><testcase classname="tests.test_phase3_payment_void_reports.TestReports" name="test_owner_can_access_report_summary" time="0.312" /><testcase classname="tests.test_phase3_payment_void_reports.TestReports" name="test_kasir_cannot_access_reports" time="0.310" /><testcase classname="tests.test_phase3_payment_void_reports.TestReports" name="test_daily_report" time="0.298" /><testcase classname="tests.test_phase3_payment_void_reports.TestReports" name="test_export_json" time="0.332" /><testcase classname="tests.test_phase3_payment_void_reports.TestReports" name="test_export_csv" time="0.350" /><testcase classname="tests.test_phase3_payment_void_reports.TestReports" name="test_payment_breakdown_in_report" time="0.306" /><testcase classname="tests.test_phase3_payment_void_reports.TestTransactionHistory" name="test_get_transactions_with_payment_method" time="0.299" /><testcase classname="tests.test_phase3_payment_void_reports.TestTransactionHistory" name="test_voided_transactions_in_history" time="0.313" /></testsuite></testsuites>